\BOOKMARK [1][-]{section*.1}{\376\377\000S\000p\000e\000r\000r\000v\000e\000r\000m\000e\000r\000k}{}% 1
\BOOKMARK [1][-]{section*.2}{\376\377\000E\000r\000k\000l\000\344\000r\000u\000n\000g\000\040\000z\000u\000r\000\040\000E\000i\000g\000e\000n\000l\000e\000i\000s\000t\000u\000n\000g}{}% 2
\BOOKMARK [1][-]{section*.4}{\376\377\000A\000b\000s\000t\000r\000a\000c\000t}{}% 3
\BOOKMARK [1][-]{section*.4}{\376\377\000A\000b\000s\000t\000r\000a\000c\000t}{}% 4
\BOOKMARK [1][-]{section*.5}{\376\377\000I\000n\000h\000a\000l\000t\000s\000v\000e\000r\000z\000e\000i\000c\000h\000n\000i\000s}{}% 5
\BOOKMARK [1][-]{section*.7}{\376\377\000A\000b\000b\000i\000l\000d\000u\000n\000g\000s\000v\000e\000r\000z\000e\000i\000c\000h\000n\000i\000s}{}% 6
\BOOKMARK [1][-]{section*.9}{\376\377\000T\000a\000b\000e\000l\000l\000e\000n\000v\000e\000r\000z\000e\000i\000c\000h\000n\000i\000s\000\040\000\050\000E\000i\000g\000e\000n\000e\000\040\000D\000a\000r\000s\000t\000e\000l\000l\000u\000n\000g\000\051}{}% 7
\BOOKMARK [1][-]{section*.11}{\376\377\000A\000b\000k\000\374\000r\000z\000u\000n\000g\000s\000v\000e\000r\000z\000e\000i\000c\000h\000n\000i\000s}{}% 8
\BOOKMARK [1][-]{section*.12}{\376\377\000\334\000b\000e\000r\000b\000l\000i\000c\000k\000\040\000d\000e\000r\000\040\000T\000\344\000t\000i\000g\000k\000e\000i\000t\000e\000n\000\040\000d\000e\000r\000\040\000P\000r\000a\000x\000i\000s\000p\000h\000a\000s\000e\000n}{}% 9
\BOOKMARK [1][-]{section*.13}{\376\377\000V\000o\000r\000w\000o\000r\000t}{}% 10
\BOOKMARK [1][-]{section.1}{\376\377\000E\000i\000n\000l\000e\000i\000t\000u\000n\000g}{}% 11
\BOOKMARK [2][-]{subsection.1.1}{\376\377\000Z\000i\000e\000l\000\040\000d\000e\000r\000\040\000P\000r\000a\000x\000i\000s\000a\000r\000b\000e\000i\000t}{section.1}% 12
\BOOKMARK [2][-]{subsection.1.2}{\376\377\000E\000i\000n\000o\000r\000d\000n\000u\000n\000g\000\040\000v\000o\000n\000\040\000C\000o\000m\000m\000a\000n\000d\000-\000a\000n\000d\000-\000C\000o\000n\000t\000r\000o\000l\000\040\000\050\000C\0002\000\051\000\040\000i\000m\000\040\000R\000e\000d\000\040\000T\000e\000a\000m\000i\000n\000g}{section.1}% 13
\BOOKMARK [2][-]{subsection.1.3}{\376\377\000R\000e\000l\000e\000v\000a\000n\000z\000\040\000m\000o\000d\000e\000r\000n\000e\000r\000\040\000C\0002\000-\000F\000r\000a\000m\000e\000w\000o\000r\000k\000s\000\040\000f\000\374\000r\000\040\000r\000e\000a\000l\000i\000s\000t\000i\000s\000c\000h\000e\000\040\000A\000n\000g\000r\000e\000i\000f\000e\000r\000s\000i\000m\000u\000l\000a\000t\000i\000o\000n\000e\000n}{section.1}% 14
\BOOKMARK [1][-]{section.2}{\376\377\000T\000h\000e\000o\000r\000e\000t\000i\000s\000c\000h\000e\000\040\000G\000r\000u\000n\000d\000l\000a\000g\000e\000n}{}% 15
\BOOKMARK [2][-]{subsection.2.1}{\376\377\000C\000o\000m\000m\000a\000n\000d\000-\000a\000n\000d\000-\000C\000o\000n\000t\000r\000o\000l\000\040\000\050\000C\0002\000\051\000\040\000-\000\040\000G\000r\000u\000n\000d\000k\000o\000n\000z\000e\000p\000t}{section.2}% 16
\BOOKMARK [3][-]{subsubsection.2.1.1}{\376\377\000D\000e\000f\000i\000n\000i\000t\000i\000o\000n\000\040\000u\000n\000d\000\040\000Z\000w\000e\000c\000k\000\040\000v\000o\000n\000\040\000C\0002}{subsection.2.1}% 17
\BOOKMARK [3][-]{subsubsection.2.1.2}{\376\377\000K\000l\000a\000s\000s\000i\000s\000c\000h\000e\000r\000\040\000K\000i\000l\000l\000-\000C\000h\000a\000i\000n\000\040\000K\000o\000n\000t\000e\000x\000t}{subsection.2.1}% 18
\BOOKMARK [3][-]{subsubsection.2.1.3}{\376\377\000B\000e\000a\000c\000o\000n\000i\000n\000g\000\040\000u\000n\000d\000\040\000K\000o\000m\000m\000u\000n\000i\000k\000a\000t\000i\000o\000n\000\040\000i\000n\000\040\000C\0002\000-\000F\000r\000a\000m\000e\000w\000o\000r\000k\000s}{subsection.2.1}% 19
\BOOKMARK [2][-]{subsection.2.2}{\376\377\000A\000n\000f\000o\000r\000d\000e\000r\000u\000n\000g\000e\000n\000\040\000a\000n\000\040\000m\000o\000d\000e\000r\000n\000e\000\040\000C\0002\000-\000F\000r\000a\000m\000e\000w\000o\000r\000k\000s}{section.2}% 20
\BOOKMARK [3][-]{subsubsection.2.2.1}{\376\377\000S\000t\000e\000a\000l\000t\000h\000\040\000u\000n\000d\000\040\000O\000P\000S\000E\000C}{subsection.2.2}% 21
\BOOKMARK [3][-]{subsubsection.2.2.2}{\376\377\000M\000o\000d\000u\000l\000a\000r\000i\000t\000\344\000t}{subsection.2.2}% 22
\BOOKMARK [3][-]{subsubsection.2.2.3}{\376\377\000U\000m\000g\000e\000h\000u\000n\000g\000\040\000v\000o\000n\000\040\000E\000D\000R\000/\000A\000V\000-\000S\000y\000s\000t\000e\000m\000e\000n}{subsection.2.2}% 23
\BOOKMARK [3][-]{subsubsection.2.2.4}{\376\377\000F\000l\000e\000x\000i\000b\000i\000l\000i\000t\000\344\000t\000\040\000u\000n\000d\000\040\000A\000n\000p\000a\000s\000s\000u\000n\000g\000s\000f\000\344\000h\000i\000g\000k\000e\000i\000t}{subsection.2.2}% 24
\BOOKMARK [1][-]{section.3}{\376\377\000\334\000b\000e\000r\000b\000l\000i\000c\000k\000\040\000\374\000b\000e\000r\000\040\000g\000\344\000n\000g\000i\000g\000e\000\040\000C\0002\000-\000F\000r\000a\000m\000e\000w\000o\000r\000k\000s}{}% 25
\BOOKMARK [2][-]{subsection.3.1}{\376\377\000M\000e\000t\000a\000s\000p\000l\000o\000i\000t\000\040\000\050\000M\000S\000F\000\051}{section.3}% 26
\BOOKMARK [2][-]{subsection.3.2}{\376\377\000C\000o\000b\000a\000l\000t\000\040\000S\000t\000r\000i\000k\000e}{section.3}% 27
\BOOKMARK [2][-]{subsection.3.3}{\376\377\000S\000l\000i\000v\000e\000r}{section.3}% 28
\BOOKMARK [1][-]{section.4}{\376\377\000S\000l\000i\000v\000e\000r\000\040\000-\000\040\000D\000e\000t\000a\000i\000l\000l\000i\000e\000r\000t\000e\000\040\000A\000n\000a\000l\000y\000s\000e}{}% 29
\BOOKMARK [2][-]{subsection.4.1}{\376\377\000A\000r\000c\000h\000i\000t\000e\000k\000t\000u\000r}{section.4}% 30
\BOOKMARK [2][-]{subsection.4.2}{\376\377\000F\000u\000n\000k\000t\000i\000o\000n\000a\000l\000i\000t\000\344\000t\000e\000n}{section.4}% 31
\BOOKMARK [3][-]{subsubsection.4.2.1}{\376\377\000K\000o\000m\000m\000u\000n\000i\000k\000a\000t\000i\000o\000n\000s\000p\000r\000o\000t\000o\000k\000o\000l\000l\000e}{subsection.4.2}% 32
\BOOKMARK [3][-]{subsubsection.4.2.2}{\376\377\000P\000a\000y\000l\000o\000a\000d\000s}{subsection.4.2}% 33
\BOOKMARK [3][-]{subsubsection.4.2.3}{\376\377\000P\000o\000s\000t\000-\000E\000x\000p\000l\000o\000i\000t\000a\000t\000i\000o\000n}{subsection.4.2}% 34
\BOOKMARK [2][-]{subsection.4.3}{\376\377\000S\000t\000e\000a\000l\000t\000h\000\040\000u\000n\000d\000\040\000O\000P\000S\000E\000C}{section.4}% 35
\BOOKMARK [1][-]{section.5}{\376\377\000V\000e\000r\000g\000l\000e\000i\000c\000h\000e\000n\000d\000e\000\040\000G\000e\000g\000e\000n\000\374\000b\000e\000r\000s\000t\000e\000l\000l\000u\000n\000g\000\040\000d\000e\000r\000\040\000C\0002\000-\000F\000r\000a\000m\000e\000w\000o\000r\000k\000s}{}% 36
\BOOKMARK [2][-]{subsection.5.1}{\376\377\000T\000e\000c\000h\000i\000s\000c\000h\000e\000r\000\040\000V\000e\000r\000g\000l\000e\000i\000c\000h}{section.5}% 37
\BOOKMARK [2][-]{subsection.5.2}{\376\377\000D\000e\000t\000e\000c\000t\000i\000o\000n\000\040\000u\000n\000d\000\040\000B\000l\000u\000e\000-\000T\000e\000a\000m\000-\000S\000i\000c\000h\000t}{section.5}% 38
\BOOKMARK [2][-]{subsection.5.3}{\376\377\000E\000i\000n\000s\000a\000t\000z\000s\000z\000e\000n\000a\000r\000i\000e\000n}{section.5}% 39
\BOOKMARK [1][-]{section.6}{\376\377\000P\000r\000a\000x\000i\000s\000b\000e\000z\000u\000g}{}% 40
\BOOKMARK [2][-]{subsection.6.1}{}{section.6}% 41
\BOOKMARK [1][-]{section.7}{\376\377\000O\000b\000f\000u\000s\000c\000a\000t\000i\000o\000n\000\040\000a\000l\000s\000\040\000l\000o\000g\000i\000s\000c\000h\000e\000\040\000W\000e\000i\000t\000e\000r\000e\000n\000t\000w\000i\000c\000k\000l\000u\000n\000g}{}% 42
\BOOKMARK [2][-]{subsection.7.1}{\376\377\000I\000d\000e\000n\000t\000i\000f\000i\000z\000i\000e\000r\000t\000e\000\040\000S\000c\000h\000w\000a\000c\000h\000s\000t\000e\000l\000l\000e\000n\000\040\000m\000o\000d\000e\000r\000n\000e\000r\000\040\000C\0002\000s}{section.7}% 43
\BOOKMARK [2][-]{subsection.7.2}{\376\377\000M\000o\000t\000i\000v\000a\000t\000i\000o\000n\000\040\000f\000\374\000r\000\040\000O\000b\000f\000u\000s\000c\000a\000t\000i\000o\000n}{section.7}% 44
\BOOKMARK [2][-]{subsection.7.3}{\376\377\000A\000u\000s\000b\000l\000i\000c\000k\000\040\000a\000u\000f\000\040\000k\000o\000m\000m\000e\000n\000d\000e\000\040\000P\000r\000a\000x\000i\000s\000a\000r\000b\000e\000i\000t}{section.7}% 45
\BOOKMARK [1][-]{section.8}{\376\377\000F\000a\000z\000i\000t}{}% 46
